

Started GET "/p/1" for 127.0.0.1 at Fri Nov 12 22:29:42 +0000 2010

AbstractController::ActionNotFound (The action '1' could not be found for PController):
  

Rendered /Library/Ruby/Gems/1.8/gems/actionpack-3.0.0.rc2/lib/action_dispatch/middleware/templates/rescues/unknown_action.erb within rescues/layout (0.9ms)


Started GET "/p/2" for 127.0.0.1 at Fri Nov 12 22:29:44 +0000 2010

AbstractController::ActionNotFound (The action '2' could not be found for PController):
  

Rendered /Library/Ruby/Gems/1.8/gems/actionpack-3.0.0.rc2/lib/action_dispatch/middleware/templates/rescues/unknown_action.erb within rescues/layout (0.6ms)


Started GET "/p?2" for 127.0.0.1 at Fri Nov 12 22:30:09 +0000 2010
  Processing by PController#index as HTML
  Parameters: {"2"=>nil}
  [1m[36mSQL (0.4ms)[0m  [1m SELECT name
 FROM sqlite_master
 WHERE type = 'table' AND NOT name = 'sqlite_sequence'
[0m
  [1m[35mSQL (0.2ms)[0m   SELECT name
 FROM sqlite_master
 WHERE type = 'table' AND NOT name = 'sqlite_sequence'
  [1m[36mTrack Load (0.3ms)[0m  [1mSELECT "tracks".* FROM "tracks"[0m
SQLite3::SQLException: no such table: tracks: SELECT     "tracks".* FROM       "tracks"
Completed   in 105ms

ActiveRecord::StatementInvalid (SQLite3::SQLException: no such table: tracks: SELECT     "tracks".* FROM       "tracks"):
  app/controllers/p_controller.rb:5:in `index'

Rendered /Library/Ruby/Gems/1.8/gems/actionpack-3.0.0.rc2/lib/action_dispatch/middleware/templates/rescues/_trace.erb (1.1ms)
Rendered /Library/Ruby/Gems/1.8/gems/actionpack-3.0.0.rc2/lib/action_dispatch/middleware/templates/rescues/_request_and_response.erb (3.9ms)
Rendered /Library/Ruby/Gems/1.8/gems/actionpack-3.0.0.rc2/lib/action_dispatch/middleware/templates/rescues/diagnostics.erb within rescues/layout (10.7ms)


Started GET "/p" for 127.0.0.1 at Fri Nov 12 22:30:23 +0000 2010
  Processing by PController#index as HTML
  [1m[35mSQL (0.2ms)[0m   SELECT name
 FROM sqlite_master
 WHERE type = 'table' AND NOT name = 'sqlite_sequence'
  [1m[36mTrack Load (0.2ms)[0m  [1mSELECT "tracks".* FROM "tracks"[0m
SQLite3::SQLException: no such table: tracks: SELECT     "tracks".* FROM       "tracks"
Completed   in 5ms

ActiveRecord::StatementInvalid (SQLite3::SQLException: no such table: tracks: SELECT     "tracks".* FROM       "tracks"):
  app/controllers/p_controller.rb:5:in `index'

Rendered /Library/Ruby/Gems/1.8/gems/actionpack-3.0.0.rc2/lib/action_dispatch/middleware/templates/rescues/_trace.erb (1.2ms)
Rendered /Library/Ruby/Gems/1.8/gems/actionpack-3.0.0.rc2/lib/action_dispatch/middleware/templates/rescues/_request_and_response.erb (3.6ms)
Rendered /Library/Ruby/Gems/1.8/gems/actionpack-3.0.0.rc2/lib/action_dispatch/middleware/templates/rescues/diagnostics.erb within rescues/layout (9.0ms)
  [1m[36mSQL (0.2ms)[0m  [1m SELECT name
 FROM sqlite_master
 WHERE type = 'table' AND NOT name = 'sqlite_sequence'
[0m
  [1m[35mSQL (0.1ms)[0m  select sqlite_version(*)
  [1m[36mSQL (3.3ms)[0m  [1mCREATE TABLE "schema_migrations" ("version" varchar(255) NOT NULL) [0m
  [1m[35mSQL (0.1ms)[0m  PRAGMA index_list("schema_migrations")
  [1m[36mSQL (2.2ms)[0m  [1mCREATE UNIQUE INDEX "unique_schema_migrations" ON "schema_migrations" ("version")[0m
  [1m[35mSQL (0.3ms)[0m   SELECT name
 FROM sqlite_master
 WHERE type = 'table' AND NOT name = 'sqlite_sequence'
  [1m[36mSQL (0.2ms)[0m  [1m SELECT name
 FROM sqlite_master
 WHERE type = 'table' AND NOT name = 'sqlite_sequence'
[0m
  [1m[35mSQL (0.1ms)[0m  SELECT "schema_migrations"."version" FROM "schema_migrations"
Migrating to CreateTracksTable (20101112162528)
  [1m[36mSQL (0.5ms)[0m  [1mCREATE TABLE "tracks" ("id" INTEGER PRIMARY KEY AUTOINCREMENT NOT NULL, "tinyurl" varchar(255), "tracknum" integer, "url" varchar(255)) [0m
  [1m[35mSQL (0.1ms)[0m  INSERT INTO "schema_migrations" ("version") VALUES ('20101112162528')
Migrating to CreateTracks (20101112171408)
  [1m[36mSQL (0.1ms)[0m  [1mCREATE TABLE "tracks" ("id" INTEGER PRIMARY KEY AUTOINCREMENT NOT NULL, "tinyurl" varchar(255) NOT NULL, "tracknum" integer NOT NULL, "url" varchar(255) NOT NULL, "created_at" datetime, "updated_at" datetime) [0m
SQLite3::SQLException: table "tracks" already exists: CREATE TABLE "tracks" ("id" INTEGER PRIMARY KEY AUTOINCREMENT NOT NULL, "tinyurl" varchar(255) NOT NULL, "tracknum" integer NOT NULL, "url" varchar(255) NOT NULL, "created_at" datetime, "updated_at" datetime) 
  [1m[36mSQL (0.3ms)[0m  [1m SELECT name
 FROM sqlite_master
 WHERE type = 'table' AND NOT name = 'sqlite_sequence'
[0m
  [1m[35mSQL (0.5ms)[0m  INSERT INTO "tracks" ("tinyurl", "tracknum", "url") VALUES (1, 0, 'LukSjAcK8VQ')
  [1m[36mSQL (0.5ms)[0m  [1mINSERT INTO "tracks" ("tinyurl", "tracknum", "url") VALUES (1, 1, 'fRiabGECktk')[0m
  [1m[35mTrack Load (0.4ms)[0m  SELECT "tracks".* FROM "tracks"


Started GET "/p" for 127.0.0.1 at Fri Nov 12 22:34:53 +0000 2010
  Processing by PController#index as HTML
  [1m[35mSQL (0.4ms)[0m   SELECT name
 FROM sqlite_master
 WHERE type = 'table' AND NOT name = 'sqlite_sequence'
  [1m[36mTrack Load (0.2ms)[0m  [1mSELECT "tracks".* FROM "tracks"[0m
Rendered p/index.html.erb within layouts/application (9.5ms)
Completed 200 OK in 46ms (Views: 39.8ms | ActiveRecord: 0.5ms)


Started GET "/p" for 127.0.0.1 at Fri Nov 12 22:36:01 +0000 2010
  Processing by PController#index as HTML
  [1m[35mSQL (0.4ms)[0m   SELECT name
 FROM sqlite_master
 WHERE type = 'table' AND NOT name = 'sqlite_sequence'
  [1m[36mTrack Load (0.2ms)[0m  [1mSELECT "tracks".* FROM "tracks"[0m
Rendered p/index.html.erb within layouts/application (5.1ms)
Completed 200 OK in 22ms (Views: 11.6ms | ActiveRecord: 0.6ms)


Started GET "/p" for 127.0.0.1 at Fri Nov 12 22:37:31 +0000 2010
  Processing by PController#index as HTML
  [1m[35mSQL (0.4ms)[0m   SELECT name
 FROM sqlite_master
 WHERE type = 'table' AND NOT name = 'sqlite_sequence'
  [1m[36mTrack Load (0.1ms)[0m  [1mSELECT "tracks".* FROM "tracks"[0m
Rendered p/index.html.erb within layouts/application (4.3ms)
Completed 200 OK in 17ms (Views: 10.1ms | ActiveRecord: 0.5ms)


Started GET "/p" for 127.0.0.1 at Fri Nov 12 22:38:27 +0000 2010
  Processing by PController#index as HTML
  [1m[35mSQL (0.4ms)[0m   SELECT name
 FROM sqlite_master
 WHERE type = 'table' AND NOT name = 'sqlite_sequence'
  [1m[36mTrack Load (0.1ms)[0m  [1mSELECT "tracks".* FROM "tracks"[0m
Rendered p/index.html.erb within layouts/application (4.4ms)
Completed 200 OK in 16ms (Views: 10.4ms | ActiveRecord: 0.5ms)


Started GET "/p" for 127.0.0.1 at Fri Nov 12 22:38:32 +0000 2010
  Processing by PController#index as HTML
  [1m[35mSQL (0.4ms)[0m   SELECT name
 FROM sqlite_master
 WHERE type = 'table' AND NOT name = 'sqlite_sequence'
  [1m[36mTrack Load (0.2ms)[0m  [1mSELECT "tracks".* FROM "tracks"[0m
Rendered p/index.html.erb within layouts/application (4.4ms)
Completed 200 OK in 16ms (Views: 10.2ms | ActiveRecord: 0.5ms)


Started GET "/p" for 127.0.0.1 at Fri Nov 12 22:38:43 +0000 2010
  Processing by PController#index as HTML
  [1m[35mSQL (0.4ms)[0m   SELECT name
 FROM sqlite_master
 WHERE type = 'table' AND NOT name = 'sqlite_sequence'
  [1m[36mTrack Load (0.2ms)[0m  [1mSELECT "tracks".* FROM "tracks"[0m
Rendered p/index.html.erb within layouts/application (5.3ms)
Completed 200 OK in 24ms (Views: 14.2ms | ActiveRecord: 0.6ms)


Started GET "/p" for 127.0.0.1 at Fri Nov 12 22:39:18 +0000 2010
  Processing by PController#index as HTML
  [1m[35mSQL (0.4ms)[0m   SELECT name
 FROM sqlite_master
 WHERE type = 'table' AND NOT name = 'sqlite_sequence'
  [1m[36mTrack Load (0.2ms)[0m  [1mSELECT "tracks".* FROM "tracks"[0m
Rendered p/index.html.erb within layouts/application (4.3ms)
Completed 200 OK in 17ms (Views: 10.3ms | ActiveRecord: 0.6ms)


Started GET "/p" for 127.0.0.1 at Fri Nov 12 22:40:30 +0000 2010
  Processing by PController#index as HTML
  [1m[35mSQL (0.4ms)[0m   SELECT name
 FROM sqlite_master
 WHERE type = 'table' AND NOT name = 'sqlite_sequence'
  [1m[36mTrack Load (0.2ms)[0m  [1mSELECT "tracks".* FROM "tracks"[0m
Rendered p/index.html.erb within layouts/application (6.7ms)
Completed 200 OK in 21ms (Views: 12.9ms | ActiveRecord: 0.5ms)


Started GET "/p" for 127.0.0.1 at Fri Nov 12 22:42:13 +0000 2010
  Processing by PController#index as HTML
  [1m[35mSQL (0.4ms)[0m   SELECT name
 FROM sqlite_master
 WHERE type = 'table' AND NOT name = 'sqlite_sequence'
  [1m[36mTrack Load (0.1ms)[0m  [1mSELECT "tracks".* FROM "tracks"[0m
Rendered p/index.html.erb within layouts/application (4.3ms)
Completed 200 OK in 16ms (Views: 10.3ms | ActiveRecord: 0.5ms)


Started GET "/p" for 127.0.0.1 at Fri Nov 12 22:43:42 +0000 2010
  Processing by PController#index as HTML
  [1m[35mSQL (0.4ms)[0m   SELECT name
 FROM sqlite_master
 WHERE type = 'table' AND NOT name = 'sqlite_sequence'
  [1m[36mTrack Load (0.1ms)[0m  [1mSELECT "tracks".* FROM "tracks"[0m
Rendered p/index.html.erb within layouts/application (4.3ms)
Completed 200 OK in 16ms (Views: 10.2ms | ActiveRecord: 0.5ms)


Started GET "/p" for 127.0.0.1 at Fri Nov 12 22:44:03 +0000 2010
  Processing by PController#index as HTML
  [1m[35mSQL (0.4ms)[0m   SELECT name
 FROM sqlite_master
 WHERE type = 'table' AND NOT name = 'sqlite_sequence'
  [1m[36mTrack Load (0.2ms)[0m  [1mSELECT "tracks".* FROM "tracks"[0m
Rendered p/index.html.erb within layouts/application (4.4ms)
Completed 200 OK in 17ms (Views: 10.4ms | ActiveRecord: 0.5ms)


Started GET "/p" for 127.0.0.1 at Fri Nov 12 22:45:09 +0000 2010
  Processing by PController#index as HTML
  [1m[35mSQL (0.4ms)[0m   SELECT name
 FROM sqlite_master
 WHERE type = 'table' AND NOT name = 'sqlite_sequence'
  [1m[36mTrack Load (0.1ms)[0m  [1mSELECT "tracks".* FROM "tracks"[0m
Rendered p/index.html.erb within layouts/application (4.4ms)
Completed 200 OK in 16ms (Views: 10.4ms | ActiveRecord: 0.5ms)


Started GET "/p" for 127.0.0.1 at Fri Nov 12 22:45:29 +0000 2010
  Processing by PController#index as HTML
  [1m[35mSQL (0.4ms)[0m   SELECT name
 FROM sqlite_master
 WHERE type = 'table' AND NOT name = 'sqlite_sequence'
  [1m[36mTrack Load (0.1ms)[0m  [1mSELECT "tracks".* FROM "tracks"[0m
Rendered p/index.html.erb within layouts/application (4.4ms)
Completed 200 OK in 16ms (Views: 10.3ms | ActiveRecord: 0.5ms)


Started GET "/p" for 127.0.0.1 at Fri Nov 12 22:46:21 +0000 2010
  Processing by PController#index as HTML
  [1m[35mSQL (0.4ms)[0m   SELECT name
 FROM sqlite_master
 WHERE type = 'table' AND NOT name = 'sqlite_sequence'
  [1m[36mTrack Load (0.1ms)[0m  [1mSELECT "tracks".* FROM "tracks"[0m
Rendered p/index.html.erb within layouts/application (4.7ms)
Completed 200 OK in 16ms (Views: 10.3ms | ActiveRecord: 0.5ms)


Started GET "/p" for 127.0.0.1 at Fri Nov 12 22:46:38 +0000 2010
  Processing by PController#index as HTML
  [1m[35mSQL (0.4ms)[0m   SELECT name
 FROM sqlite_master
 WHERE type = 'table' AND NOT name = 'sqlite_sequence'
  [1m[36mTrack Load (0.2ms)[0m  [1mSELECT "tracks".* FROM "tracks"[0m
Rendered p/index.html.erb within layouts/application (4.8ms)
Completed 200 OK in 76ms (Views: 10.8ms | ActiveRecord: 0.5ms)


Started GET "/p" for 127.0.0.1 at Fri Nov 12 22:46:54 +0000 2010
  Processing by PController#index as HTML
  [1m[35mSQL (0.4ms)[0m   SELECT name
 FROM sqlite_master
 WHERE type = 'table' AND NOT name = 'sqlite_sequence'
  [1m[36mTrack Load (0.1ms)[0m  [1mSELECT "tracks".* FROM "tracks"[0m
Rendered p/index.html.erb within layouts/application (4.5ms)
Completed 200 OK in 17ms (Views: 10.6ms | ActiveRecord: 0.5ms)


Started GET "/p" for 127.0.0.1 at Fri Nov 12 22:49:10 +0000 2010
  Processing by PController#index as HTML
  [1m[35mSQL (0.4ms)[0m   SELECT name
 FROM sqlite_master
 WHERE type = 'table' AND NOT name = 'sqlite_sequence'
  [1m[36mTrack Load (0.1ms)[0m  [1mSELECT "tracks".* FROM "tracks"[0m
Rendered p/index.html.erb within layouts/application (5.0ms)
Completed 200 OK in 17ms (Views: 11.1ms | ActiveRecord: 0.5ms)


Started GET "/p" for 127.0.0.1 at Fri Nov 12 22:50:10 +0000 2010
  Processing by PController#index as HTML
  [1m[35mSQL (0.4ms)[0m   SELECT name
 FROM sqlite_master
 WHERE type = 'table' AND NOT name = 'sqlite_sequence'
  [1m[36mTrack Load (0.2ms)[0m  [1mSELECT "tracks".* FROM "tracks"[0m
Rendered p/index.html.erb within layouts/application (4.6ms)
Completed 200 OK in 17ms (Views: 10.7ms | ActiveRecord: 0.5ms)


Started GET "/p" for 127.0.0.1 at Fri Nov 12 22:50:43 +0000 2010
  Processing by PController#index as HTML
  [1m[35mSQL (0.4ms)[0m   SELECT name
 FROM sqlite_master
 WHERE type = 'table' AND NOT name = 'sqlite_sequence'
  [1m[36mTrack Load (0.1ms)[0m  [1mSELECT "tracks".* FROM "tracks"[0m
Rendered p/index.html.erb within layouts/application (4.6ms)
Completed 200 OK in 16ms (Views: 10.4ms | ActiveRecord: 0.5ms)


Started GET "/p" for 127.0.0.1 at Fri Nov 12 22:50:57 +0000 2010
  Processing by PController#index as HTML
  [1m[35mSQL (0.4ms)[0m   SELECT name
 FROM sqlite_master
 WHERE type = 'table' AND NOT name = 'sqlite_sequence'
  [1m[36mTrack Load (0.1ms)[0m  [1mSELECT "tracks".* FROM "tracks"[0m
Rendered p/index.html.erb within layouts/application (4.6ms)
Completed 200 OK in 17ms (Views: 10.7ms | ActiveRecord: 0.5ms)


Started GET "/p" for 127.0.0.1 at Fri Nov 12 22:51:02 +0000 2010
  Processing by PController#index as HTML
  [1m[35mSQL (0.4ms)[0m   SELECT name
 FROM sqlite_master
 WHERE type = 'table' AND NOT name = 'sqlite_sequence'
  [1m[36mTrack Load (0.2ms)[0m  [1mSELECT "tracks".* FROM "tracks"[0m
Rendered p/index.html.erb within layouts/application (5.2ms)
Completed 200 OK in 23ms (Views: 12.6ms | ActiveRecord: 0.6ms)


Started GET "/p" for 127.0.0.1 at Fri Nov 12 22:55:30 +0000 2010
  Processing by PController#index as HTML
  [1m[35mSQL (0.4ms)[0m   SELECT name
 FROM sqlite_master
 WHERE type = 'table' AND NOT name = 'sqlite_sequence'
  [1m[36mTrack Load (0.2ms)[0m  [1mSELECT "tracks".* FROM "tracks"[0m
Rendered p/index.html.erb within layouts/application (4.6ms)
Completed 200 OK in 17ms (Views: 10.3ms | ActiveRecord: 0.5ms)


Started GET "/p" for 127.0.0.1 at Fri Nov 12 22:56:44 +0000 2010
  Processing by PController#index as HTML
  [1m[35mSQL (0.3ms)[0m   SELECT name
 FROM sqlite_master
 WHERE type = 'table' AND NOT name = 'sqlite_sequence'
  [1m[36mTrack Load (0.2ms)[0m  [1mSELECT "tracks".* FROM "tracks"[0m
Rendered p/index.html.erb within layouts/application (4.4ms)
Completed 200 OK in 16ms (Views: 10.5ms | ActiveRecord: 0.5ms)


Started GET "/p" for 127.0.0.1 at Fri Nov 12 22:57:18 +0000 2010
  Processing by PController#index as HTML
  [1m[35mSQL (0.4ms)[0m   SELECT name
 FROM sqlite_master
 WHERE type = 'table' AND NOT name = 'sqlite_sequence'
  [1m[36mTrack Load (0.1ms)[0m  [1mSELECT "tracks".* FROM "tracks"[0m
Rendered p/index.html.erb within layouts/application (4.6ms)
Completed 200 OK in 18ms (Views: 10.8ms | ActiveRecord: 0.5ms)


Started GET "/p" for 127.0.0.1 at Fri Nov 12 22:57:36 +0000 2010
  Processing by PController#index as HTML
  [1m[35mSQL (0.4ms)[0m   SELECT name
 FROM sqlite_master
 WHERE type = 'table' AND NOT name = 'sqlite_sequence'
  [1m[36mTrack Load (0.1ms)[0m  [1mSELECT "tracks".* FROM "tracks"[0m
Rendered p/index.html.erb within layouts/application (4.5ms)
Completed 200 OK in 16ms (Views: 10.2ms | ActiveRecord: 0.5ms)


Started GET "/p" for 127.0.0.1 at Fri Nov 12 22:57:46 +0000 2010
  Processing by PController#index as HTML
  [1m[35mSQL (0.5ms)[0m   SELECT name
 FROM sqlite_master
 WHERE type = 'table' AND NOT name = 'sqlite_sequence'
  [1m[36mTrack Load (0.2ms)[0m  [1mSELECT "tracks".* FROM "tracks"[0m
Rendered p/index.html.erb within layouts/application (5.8ms)
Completed 200 OK in 20ms (Views: 12.3ms | ActiveRecord: 0.7ms)


Started GET "/p" for 127.0.0.1 at Fri Nov 12 22:57:57 +0000 2010
  Processing by PController#index as HTML
  [1m[35mSQL (0.4ms)[0m   SELECT name
 FROM sqlite_master
 WHERE type = 'table' AND NOT name = 'sqlite_sequence'
  [1m[36mTrack Load (0.1ms)[0m  [1mSELECT "tracks".* FROM "tracks"[0m
Rendered p/index.html.erb within layouts/application (4.6ms)
Completed 200 OK in 16ms (Views: 10.7ms | ActiveRecord: 0.5ms)


Started GET "/p" for 127.0.0.1 at Fri Nov 12 22:58:20 +0000 2010
  Processing by PController#index as HTML
  [1m[35mSQL (0.4ms)[0m   SELECT name
 FROM sqlite_master
 WHERE type = 'table' AND NOT name = 'sqlite_sequence'
  [1m[36mTrack Load (0.1ms)[0m  [1mSELECT "tracks".* FROM "tracks"[0m
Rendered p/index.html.erb within layouts/application (4.5ms)
Completed 200 OK in 16ms (Views: 10.5ms | ActiveRecord: 0.5ms)


Started GET "/p" for 127.0.0.1 at Fri Nov 12 22:58:41 +0000 2010
  Processing by PController#index as HTML
  [1m[35mSQL (0.8ms)[0m   SELECT name
 FROM sqlite_master
 WHERE type = 'table' AND NOT name = 'sqlite_sequence'
  [1m[36mTrack Load (0.2ms)[0m  [1mSELECT "tracks".* FROM "tracks"[0m
Rendered p/index.html.erb within layouts/application (4.4ms)
Completed 200 OK in 17ms (Views: 10.3ms | ActiveRecord: 1.0ms)


Started GET "/p" for 127.0.0.1 at Fri Nov 12 22:58:57 +0000 2010
  Processing by PController#index as HTML
  [1m[35mSQL (0.4ms)[0m   SELECT name
 FROM sqlite_master
 WHERE type = 'table' AND NOT name = 'sqlite_sequence'
  [1m[36mTrack Load (0.2ms)[0m  [1mSELECT "tracks".* FROM "tracks"[0m
Rendered p/index.html.erb within layouts/application (4.5ms)
Completed 200 OK in 18ms (Views: 10.6ms | ActiveRecord: 0.6ms)


Started GET "/p" for 127.0.0.1 at Fri Nov 12 22:59:21 +0000 2010
  Processing by PController#index as HTML
  [1m[35mSQL (0.4ms)[0m   SELECT name
 FROM sqlite_master
 WHERE type = 'table' AND NOT name = 'sqlite_sequence'
  [1m[36mTrack Load (0.1ms)[0m  [1mSELECT "tracks".* FROM "tracks"[0m
Rendered p/index.html.erb within layouts/application (4.7ms)
Completed 200 OK in 17ms (Views: 10.7ms | ActiveRecord: 0.5ms)


Started GET "/p" for 127.0.0.1 at Fri Nov 12 22:59:41 +0000 2010
  Processing by PController#index as HTML
  [1m[35mSQL (0.4ms)[0m   SELECT name
 FROM sqlite_master
 WHERE type = 'table' AND NOT name = 'sqlite_sequence'
  [1m[36mTrack Load (0.1ms)[0m  [1mSELECT "tracks".* FROM "tracks"[0m
Rendered p/index.html.erb within layouts/application (4.6ms)
Completed 200 OK in 16ms (Views: 10.6ms | ActiveRecord: 0.5ms)


Started GET "/p" for 127.0.0.1 at Fri Nov 12 22:59:54 +0000 2010
  Processing by PController#index as HTML
  [1m[35mSQL (0.4ms)[0m   SELECT name
 FROM sqlite_master
 WHERE type = 'table' AND NOT name = 'sqlite_sequence'
  [1m[36mTrack Load (0.1ms)[0m  [1mSELECT "tracks".* FROM "tracks"[0m
Rendered p/index.html.erb within layouts/application (4.6ms)
Completed 200 OK in 16ms (Views: 10.5ms | ActiveRecord: 0.5ms)


Started GET "/p" for 127.0.0.1 at Fri Nov 12 23:00:33 +0000 2010
  Processing by PController#index as HTML
  [1m[35mSQL (0.5ms)[0m   SELECT name
 FROM sqlite_master
 WHERE type = 'table' AND NOT name = 'sqlite_sequence'
  [1m[36mTrack Load (0.3ms)[0m  [1mSELECT "tracks".* FROM "tracks"[0m
Rendered p/index.html.erb within layouts/application (8.7ms)
Completed 200 OK in 23ms (Views: 15.8ms | ActiveRecord: 0.8ms)


Started GET "/p" for 127.0.0.1 at Fri Nov 12 23:00:42 +0000 2010
  Processing by PController#index as HTML
  [1m[35mSQL (0.4ms)[0m   SELECT name
 FROM sqlite_master
 WHERE type = 'table' AND NOT name = 'sqlite_sequence'
  [1m[36mTrack Load (0.2ms)[0m  [1mSELECT "tracks".* FROM "tracks"[0m
Rendered p/index.html.erb within layouts/application (78.0ms)
Completed 200 OK in 92ms (Views: 85.5ms | ActiveRecord: 0.6ms)


Started GET "/p" for 127.0.0.1 at Fri Nov 12 23:02:08 +0000 2010
  Processing by PController#index as HTML
  [1m[35mSQL (0.4ms)[0m   SELECT name
 FROM sqlite_master
 WHERE type = 'table' AND NOT name = 'sqlite_sequence'
  [1m[36mTrack Load (0.1ms)[0m  [1mSELECT "tracks".* FROM "tracks"[0m
Rendered p/index.html.erb within layouts/application (4.8ms)
Completed 200 OK in 16ms (Views: 11.0ms | ActiveRecord: 0.5ms)


Started GET "/p" for 127.0.0.1 at Fri Nov 12 23:03:26 +0000 2010
  Processing by PController#index as HTML
  [1m[35mSQL (0.4ms)[0m   SELECT name
 FROM sqlite_master
 WHERE type = 'table' AND NOT name = 'sqlite_sequence'
  [1m[36mTrack Load (0.2ms)[0m  [1mSELECT "tracks".* FROM "tracks"[0m
Rendered p/index.html.erb within layouts/application (4.5ms)
Completed 200 OK in 16ms (Views: 10.5ms | ActiveRecord: 0.5ms)


Started GET "/p" for 127.0.0.1 at Fri Nov 12 23:03:48 +0000 2010
  Processing by PController#index as HTML
  [1m[35mSQL (0.4ms)[0m   SELECT name
 FROM sqlite_master
 WHERE type = 'table' AND NOT name = 'sqlite_sequence'
  [1m[36mTrack Load (0.1ms)[0m  [1mSELECT "tracks".* FROM "tracks"[0m
Rendered p/index.html.erb within layouts/application (4.5ms)
Completed 200 OK in 17ms (Views: 11.1ms | ActiveRecord: 0.5ms)


Started GET "/p" for 127.0.0.1 at Fri Nov 12 23:04:56 +0000 2010
  Processing by PController#index as HTML
  [1m[35mSQL (0.4ms)[0m   SELECT name
 FROM sqlite_master
 WHERE type = 'table' AND NOT name = 'sqlite_sequence'
  [1m[36mTrack Load (0.1ms)[0m  [1mSELECT "tracks".* FROM "tracks"[0m
Rendered p/index.html.erb within layouts/application (4.5ms)
Completed 200 OK in 16ms (Views: 10.3ms | ActiveRecord: 0.5ms)


Started GET "/p" for 127.0.0.1 at Fri Nov 12 23:05:39 +0000 2010
  Processing by PController#index as HTML
  [1m[35mSQL (0.4ms)[0m   SELECT name
 FROM sqlite_master
 WHERE type = 'table' AND NOT name = 'sqlite_sequence'
  [1m[36mTrack Load (0.1ms)[0m  [1mSELECT "tracks".* FROM "tracks"[0m
Rendered p/index.html.erb within layouts/application (62.7ms)
Completed 200 OK in 74ms (Views: 68.5ms | ActiveRecord: 0.5ms)


Started GET "/p" for 127.0.0.1 at Fri Nov 12 23:05:56 +0000 2010
  Processing by PController#index as HTML
  [1m[35mSQL (0.4ms)[0m   SELECT name
 FROM sqlite_master
 WHERE type = 'table' AND NOT name = 'sqlite_sequence'
  [1m[36mTrack Load (0.1ms)[0m  [1mSELECT "tracks".* FROM "tracks"[0m
Rendered p/index.html.erb within layouts/application (6.2ms)
Completed 200 OK in 18ms (Views: 12.5ms | ActiveRecord: 0.5ms)


Started GET "/p" for 127.0.0.1 at Fri Nov 12 23:06:35 +0000 2010
  Processing by PController#index as HTML
  [1m[35mSQL (0.4ms)[0m   SELECT name
 FROM sqlite_master
 WHERE type = 'table' AND NOT name = 'sqlite_sequence'
  [1m[36mTrack Load (0.2ms)[0m  [1mSELECT "tracks".* FROM "tracks"[0m
Rendered p/index.html.erb within layouts/application (4.7ms)
Completed 200 OK in 17ms (Views: 10.5ms | ActiveRecord: 0.5ms)


Started GET "/p" for 127.0.0.1 at Fri Nov 12 23:07:00 +0000 2010
  Processing by PController#index as HTML
  [1m[35mSQL (0.5ms)[0m   SELECT name
 FROM sqlite_master
 WHERE type = 'table' AND NOT name = 'sqlite_sequence'
  [1m[36mTrack Load (0.2ms)[0m  [1mSELECT "tracks".* FROM "tracks"[0m
Rendered p/index.html.erb within layouts/application (4.4ms)
Completed 200 OK in 23ms (Views: 10.5ms | ActiveRecord: 0.7ms)


Started GET "/p" for 127.0.0.1 at Fri Nov 12 23:07:16 +0000 2010
  Processing by PController#index as HTML
  [1m[35mSQL (0.5ms)[0m   SELECT name
 FROM sqlite_master
 WHERE type = 'table' AND NOT name = 'sqlite_sequence'
  [1m[36mTrack Load (0.2ms)[0m  [1mSELECT "tracks".* FROM "tracks"[0m
Rendered p/index.html.erb within layouts/application (4.4ms)
Completed 200 OK in 21ms (Views: 11.0ms | ActiveRecord: 0.8ms)


Started GET "/p" for 127.0.0.1 at Fri Nov 12 23:07:30 +0000 2010
  Processing by PController#index as HTML
  [1m[35mSQL (0.4ms)[0m   SELECT name
 FROM sqlite_master
 WHERE type = 'table' AND NOT name = 'sqlite_sequence'
  [1m[36mTrack Load (0.2ms)[0m  [1mSELECT "tracks".* FROM "tracks"[0m
Rendered p/index.html.erb within layouts/application (4.9ms)
Completed 200 OK in 23ms (Views: 11.6ms | ActiveRecord: 0.6ms)


Started GET "/p" for 127.0.0.1 at Fri Nov 12 23:07:40 +0000 2010
  Processing by PController#index as HTML
  [1m[35mSQL (0.3ms)[0m   SELECT name
 FROM sqlite_master
 WHERE type = 'table' AND NOT name = 'sqlite_sequence'
  [1m[36mTrack Load (0.2ms)[0m  [1mSELECT "tracks".* FROM "tracks"[0m
Rendered p/index.html.erb within layouts/application (4.4ms)
Completed 200 OK in 16ms (Views: 10.2ms | ActiveRecord: 0.5ms)


Started GET "/p" for 127.0.0.1 at Fri Nov 12 23:08:14 +0000 2010
  Processing by PController#index as HTML
  [1m[35mSQL (0.4ms)[0m   SELECT name
 FROM sqlite_master
 WHERE type = 'table' AND NOT name = 'sqlite_sequence'
  [1m[36mTrack Load (0.2ms)[0m  [1mSELECT "tracks".* FROM "tracks"[0m
Rendered p/index.html.erb within layouts/application (5.4ms)
Completed 200 OK in 19ms (Views: 11.6ms | ActiveRecord: 0.5ms)


Started GET "/p" for 127.0.0.1 at Fri Nov 12 23:09:43 +0000 2010
  Processing by PController#index as HTML
  [1m[35mSQL (0.4ms)[0m   SELECT name
 FROM sqlite_master
 WHERE type = 'table' AND NOT name = 'sqlite_sequence'
  [1m[36mTrack Load (0.1ms)[0m  [1mSELECT "tracks".* FROM "tracks"[0m
Rendered p/index.html.erb within layouts/application (4.8ms)
Completed 200 OK in 19ms (Views: 11.3ms | ActiveRecord: 0.5ms)


Started GET "/p" for 127.0.0.1 at Fri Nov 12 23:11:37 +0000 2010
  Processing by PController#index as HTML
  [1m[35mSQL (0.3ms)[0m   SELECT name
 FROM sqlite_master
 WHERE type = 'table' AND NOT name = 'sqlite_sequence'
  [1m[36mTrack Load (0.1ms)[0m  [1mSELECT "tracks".* FROM "tracks"[0m
Rendered p/index.html.erb within layouts/application (61.9ms)
Completed 200 OK in 75ms (Views: 69.6ms | ActiveRecord: 0.5ms)


Started GET "/p" for 127.0.0.1 at Fri Nov 12 23:14:14 +0000 2010
  Processing by PController#index as HTML
  [1m[35mSQL (0.4ms)[0m   SELECT name
 FROM sqlite_master
 WHERE type = 'table' AND NOT name = 'sqlite_sequence'
  [1m[36mTrack Load (0.1ms)[0m  [1mSELECT "tracks".* FROM "tracks"[0m
Rendered p/index.html.erb within layouts/application (5.3ms)
Completed 200 OK in 17ms (Views: 11.7ms | ActiveRecord: 0.5ms)


Started GET "/p" for 127.0.0.1 at Fri Nov 12 23:14:56 +0000 2010
  Processing by PController#index as HTML
  [1m[35mSQL (0.5ms)[0m   SELECT name
 FROM sqlite_master
 WHERE type = 'table' AND NOT name = 'sqlite_sequence'
  [1m[36mTrack Load (0.2ms)[0m  [1mSELECT "tracks".* FROM "tracks"[0m
Rendered p/index.html.erb within layouts/application (4.8ms)
Completed 200 OK in 18ms (Views: 11.4ms | ActiveRecord: 0.7ms)


Started GET "/p" for 127.0.0.1 at Fri Nov 12 23:15:54 +0000 2010
  Processing by PController#index as HTML
  [1m[35mSQL (0.4ms)[0m   SELECT name
 FROM sqlite_master
 WHERE type = 'table' AND NOT name = 'sqlite_sequence'
  [1m[36mTrack Load (0.1ms)[0m  [1mSELECT "tracks".* FROM "tracks"[0m
Rendered p/index.html.erb within layouts/application (4.4ms)
Completed 200 OK in 16ms (Views: 10.6ms | ActiveRecord: 0.5ms)


Started GET "/p" for 127.0.0.1 at Fri Nov 12 23:16:14 +0000 2010
  Processing by PController#index as HTML
  [1m[35mSQL (0.4ms)[0m   SELECT name
 FROM sqlite_master
 WHERE type = 'table' AND NOT name = 'sqlite_sequence'
  [1m[36mTrack Load (0.2ms)[0m  [1mSELECT "tracks".* FROM "tracks"[0m
Rendered p/index.html.erb within layouts/application (4.9ms)
Completed 200 OK in 17ms (Views: 11.3ms | ActiveRecord: 0.5ms)


Started GET "/p" for 127.0.0.1 at Fri Nov 12 23:16:42 +0000 2010
  Processing by PController#index as HTML
  [1m[35mSQL (0.4ms)[0m   SELECT name
 FROM sqlite_master
 WHERE type = 'table' AND NOT name = 'sqlite_sequence'
  [1m[36mTrack Load (0.2ms)[0m  [1mSELECT "tracks".* FROM "tracks"[0m
Rendered p/index.html.erb within layouts/application (4.5ms)
Completed 200 OK in 18ms (Views: 11.9ms | ActiveRecord: 0.5ms)


Started GET "/p" for 127.0.0.1 at Fri Nov 12 23:17:10 +0000 2010
  Processing by PController#index as HTML
  [1m[35mSQL (0.4ms)[0m   SELECT name
 FROM sqlite_master
 WHERE type = 'table' AND NOT name = 'sqlite_sequence'
  [1m[36mTrack Load (0.2ms)[0m  [1mSELECT "tracks".* FROM "tracks"[0m
Rendered p/index.html.erb within layouts/application (4.4ms)
Completed 200 OK in 17ms (Views: 11.5ms | ActiveRecord: 0.6ms)


Started GET "/p" for 127.0.0.1 at Fri Nov 12 23:17:25 +0000 2010
  Processing by PController#index as HTML
  [1m[35mSQL (0.4ms)[0m   SELECT name
 FROM sqlite_master
 WHERE type = 'table' AND NOT name = 'sqlite_sequence'
  [1m[36mTrack Load (0.1ms)[0m  [1mSELECT "tracks".* FROM "tracks"[0m
Rendered p/index.html.erb within layouts/application (4.6ms)
Completed 200 OK in 16ms (Views: 10.4ms | ActiveRecord: 0.5ms)


Started GET "/p" for 127.0.0.1 at Fri Nov 12 23:17:50 +0000 2010
  Processing by PController#index as HTML
  [1m[35mSQL (0.4ms)[0m   SELECT name
 FROM sqlite_master
 WHERE type = 'table' AND NOT name = 'sqlite_sequence'
  [1m[36mTrack Load (0.3ms)[0m  [1mSELECT "tracks".* FROM "tracks"[0m
Rendered p/index.html.erb within layouts/application (4.6ms)
Completed 200 OK in 18ms (Views: 10.7ms | ActiveRecord: 0.7ms)


Started GET "/p" for 127.0.0.1 at Fri Nov 12 23:18:20 +0000 2010
  Processing by PController#index as HTML
  [1m[35mSQL (0.4ms)[0m   SELECT name
 FROM sqlite_master
 WHERE type = 'table' AND NOT name = 'sqlite_sequence'
  [1m[36mTrack Load (0.2ms)[0m  [1mSELECT "tracks".* FROM "tracks"[0m
Rendered p/index.html.erb within layouts/application (4.9ms)
Completed 200 OK in 75ms (Views: 11.0ms | ActiveRecord: 0.6ms)


Started GET "/p" for 127.0.0.1 at Fri Nov 12 23:19:01 +0000 2010
  Processing by PController#index as HTML
  [1m[35mSQL (0.4ms)[0m   SELECT name
 FROM sqlite_master
 WHERE type = 'table' AND NOT name = 'sqlite_sequence'
  [1m[36mTrack Load (0.1ms)[0m  [1mSELECT "tracks".* FROM "tracks"[0m
Rendered p/index.html.erb within layouts/application (4.8ms)
Completed 200 OK in 17ms (Views: 10.9ms | ActiveRecord: 0.5ms)


Started GET "/p" for 127.0.0.1 at Fri Nov 12 23:19:28 +0000 2010
  Processing by PController#index as HTML
  [1m[35mSQL (0.4ms)[0m   SELECT name
 FROM sqlite_master
 WHERE type = 'table' AND NOT name = 'sqlite_sequence'
  [1m[36mTrack Load (0.1ms)[0m  [1mSELECT "tracks".* FROM "tracks"[0m
Rendered p/index.html.erb within layouts/application (4.8ms)
Completed 200 OK in 18ms (Views: 10.9ms | ActiveRecord: 0.5ms)


Started GET "/p" for 127.0.0.1 at Fri Nov 12 23:20:19 +0000 2010
  Processing by PController#index as HTML
  [1m[35mSQL (0.5ms)[0m   SELECT name
 FROM sqlite_master
 WHERE type = 'table' AND NOT name = 'sqlite_sequence'
  [1m[36mTrack Load (0.2ms)[0m  [1mSELECT "tracks".* FROM "tracks"[0m
Rendered p/index.html.erb within layouts/application (5.1ms)
Completed 200 OK in 21ms (Views: 12.8ms | ActiveRecord: 0.6ms)


Started GET "/p" for 127.0.0.1 at Fri Nov 12 23:20:34 +0000 2010
  Processing by PController#index as HTML
  [1m[35mSQL (0.4ms)[0m   SELECT name
 FROM sqlite_master
 WHERE type = 'table' AND NOT name = 'sqlite_sequence'
  [1m[36mTrack Load (0.2ms)[0m  [1mSELECT "tracks".* FROM "tracks"[0m
Rendered p/index.html.erb within layouts/application (6.0ms)
Completed 200 OK in 26ms (Views: 14.5ms | ActiveRecord: 0.6ms)
